=== NGINX CONF ===
server {
    server_name enaa.com.do www.enaa.com.do;

    client_max_body_size 50M;

    location / {
        proxy_pass http://127.0.0.1:5000/;
        proxy_http_version 1.1;
        proxy_set_header Host $host;
        proxy_set_header X-Real-IP $remote_addr;
        proxy_set_header X-Forwarded-For $proxy_add_x_forwarded_for;
        proxy_set_header X-Forwarded-Proto $scheme;
    }

    listen 443 ssl; # managed by Certbot
    ssl_certificate /etc/letsencrypt/live/enaa.com.do/fullchain.pem; # managed by Certbot
    ssl_certificate_key /etc/letsencrypt/live/enaa.com.do/privkey.pem; # managed by Certbot
    include /etc/letsencrypt/options-ssl-nginx.conf; # managed by Certbot
    ssl_dhparam /etc/letsencrypt/ssl-dhparams.pem; # managed by Certbot

}
server {
    if ($host = enaa.com.do) {
        return 301 https://$host$request_uri;
    } # managed by Certbot


    listen 80;
    server_name enaa.com.do www.enaa.com.do;
    return 404; # managed by Certbot


}=== CERTS ===
[sudo] password for deploy: Saving debug log to /var/log/letsencrypt/letsencrypt.log

- - - - - - - - - - - - - - - - - - - - - - - - - - - - - - - - - - - - - - - -
Found the following certs:
  Certificate Name: enaa.com.do
    Serial Number: 5ce1a59fef0d5c6806046db7bf0d7bf9ad8
    Key Type: ECDSA
    Domains: enaa.com.do
    Expiry Date: 2026-06-06 00:46:32+00:00 (VALID: 89 days)
    Certificate Path: /etc/letsencrypt/live/enaa.com.do/fullchain.pem
    Private Key Path: /etc/letsencrypt/live/enaa.com.do/privkey.pem
  Certificate Name: virtual.enaa.com.do
    Serial Number: 6e79a420f87cd34071ca027ecfb92135728
    Key Type: ECDSA
    Domains: virtual.enaa.com.do
    Expiry Date: 2026-06-03 03:29:36+00:00 (VALID: 87 days)
    Certificate Path: /etc/letsencrypt/live/virtual.enaa.com.do/fullchain.pem
    Private Key Path: /etc/letsencrypt/live/virtual.enaa.com.do/privkey.pem
- - - - - - - - - - - - - - - - - - - - - - - - - - - - - - - - - - - - - - - -

