=== sites-enabled ===
total 8
drwxr-xr-x  2 root root 4096 Mar  7 23:45 .
drwxr-xr-x 11 root root 4096 Mar  5 04:28 ..
lrwxrwxrwx  1 root root   43 Mar  7 23:38 enaa.com.do.conf -> /etc/nginx/sites-available/enaa.com.do.conf
lrwxrwxrwx  1 root root   51 Mar  7 23:45 virtual.enaa.com.do.conf -> /etc/nginx/sites-available/virtual.enaa.com.do.conf
=== enaa.com.do.conf ===
server {
    listen 80;
    server_name enaa.com.do www.enaa.com.do;

    client_max_body_size 50M;

    location / {
        proxy_pass http://127.0.0.1:5000/;
        proxy_http_version 1.1;
        proxy_set_header Host $host;
        proxy_set_header X-Real-IP $remote_addr;
        proxy_set_header X-Forwarded-For $proxy_add_x_forwarded_for;
        proxy_set_header X-Forwarded-Proto $scheme;
    }
}
=== virtual.enaa.com.do.conf ===
server {
    server_name virtual.enaa.com.do;

    # Sirviendo los archivos de React (Frontend) desde la nueva ruta limpia
    root /home/deploy/apps/EduCrm/frontend/dist;
    index index.html;
    location / {
        try_files $uri $uri/ /index.html;
    }

    # Proxy hacia el Backend (NestJS en Puerto 3000)
    location /api/ {
        # IMPORTANTE: sin la barra "/" al final
        proxy_pass http://127.0.0.1:3000/;
        proxy_http_version 1.1;

        proxy_set_header Host $host;
        proxy_set_header X-Real-IP $remote_addr;
        proxy_set_header X-Forwarded-For $proxy_add_x_forwarded_for;
        proxy_set_header X-Forwarded-Proto $scheme;

        proxy_set_header Upgrade $http_upgrade;
        proxy_set_header Connection "upgrade";
    }

    listen 443 ssl; # managed by Certbot
    ssl_certificate /etc/letsencrypt/live/virtual.enaa.com.do/fullchain.pem; # managed by Certbot
    ssl_certificate_key /etc/letsencrypt/live/virtual.enaa.com.do/privkey.pem; # managed by Certbot
    include /etc/letsencrypt/options-ssl-nginx.conf; # managed by Certbot
    ssl_dhparam /etc/letsencrypt/ssl-dhparams.pem; # managed by Certbot

}
server {
    if ($host = virtual.enaa.com.do) {
        return 301 https://$host$request_uri;
    } # managed by Certbot


    listen 80;
    server_name virtual.enaa.com.do;
    return 404; # managed by Certbot


}

